<?xml version="1.0" encoding="UTF-8"?>
<!-- Generated by org.testng.reporters.JUnitReportReporter -->
<testsuite hostname="admin" failures="0" tests="1" name="TestNG_classes.LoginPage" time="42.468" errors="0" timestamp="2024-08-30T10:36:01 IST" skipped="0">
  <testcase classname="TestNG_classes.LoginPage" name="verifyCustomerStillLoginafterClickBackButton" time="42.468"/>
</testsuite> <!-- TestNG_classes.LoginPage -->
