<?xml version="1.0" encoding="UTF-8"?>
<!-- Generated by org.testng.reporters.JUnitReportReporter -->
<testsuite hostname="admin" failures="0" tests="1" name="TestNG_classes.searchBox" time="61.449" errors="0" timestamp="2024-09-03T18:09:47 IST" skipped="0">
  <testcase classname="TestNG_classes.searchBox" name="verifyWishList" time="61.449"/>
</testsuite> <!-- TestNG_classes.searchBox -->
