<?xml version="1.0" encoding="UTF-8"?>
<!-- Generated by org.testng.reporters.JUnitReportReporter -->
<testsuite hostname="admin" failures="0" tests="1" name="TestNG_classes.registerPage" time="33.293" errors="0" timestamp="2024-09-04T12:05:08 IST" skipped="0">
  <testcase classname="TestNG_classes.registerPage" name="customerSendingDOBWithoutDatepicker" time="33.293"/>
</testsuite> <!-- TestNG_classes.registerPage -->
